<?xml version="1.0" encoding="UTF-8"?>
<testng-results ignored="0" total="1" passed="1" failed="0" skipped="0">
  <reporter-output>
  </reporter-output>
  <suite started-at="2020-01-28T05:22:36Z" name="Suite" finished-at="2020-01-28T05:23:35Z" duration-ms="59332">
    <groups>
    </groups>
    <test started-at="2020-01-28T05:22:36Z" name="Test" finished-at="2020-01-28T05:23:35Z" duration-ms="59332">
      <class name="test.FacebookSignUpForm">
        <test-method is-config="true" signature="openApp()[pri:0, instance:test.FacebookSignUpForm@36916eb0]" started-at="2020-01-28T00:22:36Z" name="openApp" finished-at="2020-01-28T00:22:55Z" duration-ms="18937" status="PASS">
          <reporter-output>
          </reporter-output>
        </test-method> <!-- openApp -->
        <test-method signature="FbSignup()[pri:0, instance:test.FacebookSignUpForm@36916eb0]" started-at="2020-01-28T00:22:55Z" name="FbSignup" finished-at="2020-01-28T00:23:35Z" duration-ms="40334" status="PASS">
          <reporter-output>
          </reporter-output>
        </test-method> <!-- FbSignup -->
      </class> <!-- test.FacebookSignUpForm -->
    </test> <!-- Test -->
  </suite> <!-- Suite -->
</testng-results>
